<?xml version="1.0" encoding="utf-8"?><testsuites name="pytest tests"><testsuite name="pytest" errors="0" failures="0" skipped="0" tests="16" time="1.428" timestamp="2026-08-09T02:16:43.483137+00:00" hostname="agent-env-3c0dacac-6db8-44f9-a6fe-dd3ec7299a00"><testcase classname="tests.test_account_deletion" name="test_html_route_returns_200_html[http://localhost:8001/account-deletion]" time="0.016" /><testcase classname="tests.test_account_deletion" name="test_html_route_returns_200_html[http://localhost:8001/account-deletion.html]" time="0.042" /><testcase classname="tests.test_account_deletion" name="test_html_route_returns_200_html[http://localhost:8001/api/legal/account-deletion]" time="0.042" /><testcase classname="tests.test_account_deletion" name="test_html_contains_required_text" time="0.042" /><testcase classname="tests.test_account_deletion" name="test_html_contains_form_fields" time="0.043" /><testcase classname="tests.test_account_deletion" name="test_post_success" time="0.045" /><testcase classname="tests.test_account_deletion" name="test_post_invalid_email[invalid]" time="0.044" /><testcase classname="tests.test_account_deletion" name="test_post_invalid_email[]" time="0.042" /><testcase classname="tests.test_account_deletion" name="test_post_invalid_email[noatsign]" time="0.043" /><testcase classname="tests.test_account_deletion" name="test_post_invalid_email[no_at_symbol.com]" time="0.043" /><testcase classname="tests.test_account_deletion" name="test_post_invalid_email[user@nodot]" time="0.042" /><testcase classname="tests.test_account_deletion" name="test_post_email_too_long" time="0.042" /><testcase classname="tests.test_account_deletion" name="test_post_optional_fields_null" time="0.044" /><testcase classname="tests.test_account_deletion" name="test_regression_root_health" time="0.042" /><testcase classname="tests.test_account_deletion" name="test_regression_privacy" time="0.042" /><testcase classname="tests.test_account_deletion" name="test_regression_terms" time="0.044" /></testsuite></testsuites>