<?xml version="1.0" encoding="utf-8"?><testsuites name="pytest tests"><testsuite name="pytest" errors="0" failures="0" skipped="0" tests="53" time="2.028" timestamp="2026-08-08T14:05:38.096100+00:00" hostname="agent-env-3c0dacac-6db8-44f9-a6fe-dd3ec7299a00"><testcase classname="tests.test_legal_and_docs" name="test_legal_route_returns_200_html[/privacy]" time="0.004" /><testcase classname="tests.test_legal_and_docs" name="test_legal_route_returns_200_html[/privacy.html]" time="0.042" /><testcase classname="tests.test_legal_and_docs" name="test_legal_route_returns_200_html[/api/legal/privacy]" time="0.042" /><testcase classname="tests.test_legal_and_docs" name="test_legal_route_returns_200_html[/terms]" time="0.041" /><testcase classname="tests.test_legal_and_docs" name="test_legal_route_returns_200_html[/terms.html]" time="0.041" /><testcase classname="tests.test_legal_and_docs" name="test_legal_route_returns_200_html[/api/legal/terms]" time="0.041" /><testcase classname="tests.test_legal_and_docs" name="test_privacy_html_contains[&lt;title&gt;Privacy Policy \xb7 DailyHub AI&lt;/title&gt;]" time="0.042" /><testcase classname="tests.test_legal_and_docs" name="test_privacy_html_contains[Shivam Innovation]" time="0.002" /><testcase classname="tests.test_legal_and_docs" name="test_privacy_html_contains[Last updated: June 2026]" time="0.041" /><testcase classname="tests.test_legal_and_docs" name="test_privacy_html_contains[1. Overview]" time="0.041" /><testcase classname="tests.test_legal_and_docs" name="test_privacy_html_contains[2. Information we collect]" time="0.042" /><testcase classname="tests.test_legal_and_docs" name="test_privacy_html_contains[3. How we use your data]" time="0.043" /><testcase classname="tests.test_legal_and_docs" name="test_privacy_html_contains[4. AI features]" time="0.042" /><testcase classname="tests.test_legal_and_docs" name="test_privacy_html_contains[5. Data storage]" time="0.042" /><testcase classname="tests.test_legal_and_docs" name="test_privacy_html_contains[security]" time="0.042" /><testcase classname="tests.test_legal_and_docs" name="test_privacy_html_contains[6. Third-party services]" time="0.042" /><testcase classname="tests.test_legal_and_docs" name="test_privacy_html_contains[7. Children]" time="0.042" /><testcase classname="tests.test_legal_and_docs" name="test_privacy_html_contains[8. Your rights]" time="0.042" /><testcase classname="tests.test_legal_and_docs" name="test_privacy_html_contains[GDPR]" time="0.042" /><testcase classname="tests.test_legal_and_docs" name="test_privacy_html_contains[CCPA]" time="0.041" /><testcase classname="tests.test_legal_and_docs" name="test_privacy_html_contains[DPDP]" time="0.042" /><testcase classname="tests.test_legal_and_docs" name="test_privacy_html_contains[9. Ads]" time="0.042" /><testcase classname="tests.test_legal_and_docs" name="test_privacy_html_contains[10. Changes]" time="0.042" /><testcase classname="tests.test_legal_and_docs" name="test_privacy_html_contains[11. Contact]" time="0.042" /><testcase classname="tests.test_legal_and_docs" name="test_privacy_html_contains[support@shivaminnovation.dev]" time="0.042" /><testcase classname="tests.test_legal_and_docs" name="test_terms_html_title_and_contact" time="0.042" /><testcase classname="tests.test_legal_and_docs" name="test_terms_html_has_all_13_headings[1. Acceptance]" time="0.042" /><testcase classname="tests.test_legal_and_docs" name="test_terms_html_has_all_13_headings[2.]" time="0.042" /><testcase classname="tests.test_legal_and_docs" name="test_terms_html_has_all_13_headings[3.]" time="0.042" /><testcase classname="tests.test_legal_and_docs" name="test_terms_html_has_all_13_headings[4.]" time="0.042" /><testcase classname="tests.test_legal_and_docs" name="test_terms_html_has_all_13_headings[5.]" time="0.042" /><testcase classname="tests.test_legal_and_docs" name="test_terms_html_has_all_13_headings[6.]" time="0.042" /><testcase classname="tests.test_legal_and_docs" name="test_terms_html_has_all_13_headings[7.]" time="0.042" /><testcase classname="tests.test_legal_and_docs" name="test_terms_html_has_all_13_headings[8.]" time="0.042" /><testcase classname="tests.test_legal_and_docs" name="test_terms_html_has_all_13_headings[9.]" time="0.042" /><testcase classname="tests.test_legal_and_docs" name="test_terms_html_has_all_13_headings[10.]" time="0.042" /><testcase classname="tests.test_legal_and_docs" name="test_terms_html_has_all_13_headings[11.]" time="0.042" /><testcase classname="tests.test_legal_and_docs" name="test_terms_html_has_all_13_headings[12.]" time="0.042" /><testcase classname="tests.test_legal_and_docs" name="test_terms_html_has_all_13_headings[13. Contact]" time="0.042" /><testcase classname="tests.test_legal_and_docs" name="test_api_root" time="0.042" /><testcase classname="tests.test_legal_and_docs" name="test_auth_guest" time="0.060" /><testcase classname="tests.test_legal_and_docs" name="test_play_console_submission_exists" time="0.000" /><testcase classname="tests.test_legal_and_docs" name="test_play_console_submission_contains[DailyHub AI]" time="0.000" /><testcase classname="tests.test_legal_and_docs" name="test_play_console_submission_contains[Package Name]" time="0.000" /><testcase classname="tests.test_legal_and_docs" name="test_play_console_submission_contains[Privacy Policy URL]" time="0.000" /><testcase classname="tests.test_legal_and_docs" name="test_play_console_submission_contains[Data Safety]" time="0.000" /><testcase classname="tests.test_legal_and_docs" name="test_play_console_submission_contains[Permissions Declaration]" time="0.000" /><testcase classname="tests.test_legal_and_docs" name="test_play_console_submission_contains[IARC]" time="0.000" /><testcase classname="tests.test_legal_and_docs" name="test_play_console_submission_contains[Store Listing]" time="0.000" /><testcase classname="tests.test_legal_and_docs" name="test_quick_reference_card_exists" time="0.000" /><testcase classname="tests.test_legal_and_docs" name="test_quick_reference_card_contains[com.dailyutility.app]" time="0.000" /><testcase classname="tests.test_legal_and_docs" name="test_quick_reference_card_contains[api/legal/privacy]" time="0.000" /><testcase classname="tests.test_legal_and_docs" name="test_quick_reference_card_contains[support@shivaminnovation.dev]" time="0.000" /></testsuite></testsuites>