<?xml version="1.0" encoding="utf-8"?><testsuites name="pytest tests"><testsuite name="pytest" errors="0" failures="0" skipped="0" tests="28" time="24.711" timestamp="2026-09-17T08:01:09.487700+00:00" hostname="agent-env-3c0dacac-6db8-44f9-a6fe-dd3ec7299a00"><testcase classname="tests.test_pdf_image_toolkit.TestNewEndpointsRequireAuth" name="test_returns_401_without_bearer[/api/pdf/info-payload0]" time="0.285" /><testcase classname="tests.test_pdf_image_toolkit.TestNewEndpointsRequireAuth" name="test_returns_401_without_bearer[/api/pdf/extract-text-payload1]" time="0.101" /><testcase classname="tests.test_pdf_image_toolkit.TestPdfAiEndpoints" name="test_pdf_summarize" time="8.852" /><testcase classname="tests.test_pdf_image_toolkit.TestNewEndpointsRequireAuth" name="test_returns_401_without_bearer[/api/pdf/summarize-payload2]" time="3.484" /><testcase classname="tests.test_pdf_image_toolkit.TestNewEndpointsRequireAuth" name="test_returns_401_without_bearer[/api/pdf/keypoints-payload3]" time="0.352" /><testcase classname="tests.test_pdf_image_toolkit.TestNewEndpointsRequireAuth" name="test_returns_401_without_bearer[/api/pdf/ask-payload4]" time="0.060" /><testcase classname="tests.test_pdf_image_toolkit.TestNewEndpointsRequireAuth" name="test_returns_401_without_bearer[/api/pdf/translate-payload5]" time="0.062" /><testcase classname="tests.test_pdf_image_toolkit.TestNewEndpointsRequireAuth" name="test_returns_401_without_bearer[/api/image/ocr-payload6]" time="0.061" /><testcase classname="tests.test_pdf_image_toolkit.TestNewEndpointsRequireAuth" name="test_returns_401_without_bearer[/api/image/describe-payload7]" time="0.061" /><testcase classname="tests.test_pdf_image_toolkit.TestAuthRegression" name="test_guest_login_creates_session" time="0.064" /><testcase classname="tests.test_pdf_image_toolkit.TestAuthRegression" name="test_auth_me_with_valid_token" time="0.129" /><testcase classname="tests.test_pdf_image_toolkit.TestAuthRegression" name="test_auth_me_without_token_returns_401" time="0.059" /><testcase classname="tests.test_pdf_image_toolkit.TestAuthRegression" name="test_auth_me_bad_token_returns_401" time="0.058" /><testcase classname="tests.test_pdf_image_toolkit.TestAuthRegression" name="test_auth_session_invalid_session_id" time="0.205" /><testcase classname="tests.test_pdf_image_toolkit.TestPdfLocalEndpoints" name="test_pdf_info_returns_pages_and_metadata" time="0.116" /><testcase classname="tests.test_pdf_image_toolkit.TestPdfLocalEndpoints" name="test_pdf_info_accepts_data_url_prefix" time="0.060" /><testcase classname="tests.test_pdf_image_toolkit.TestPdfLocalEndpoints" name="test_pdf_info_rejects_invalid_pdf" time="0.062" /><testcase classname="tests.test_pdf_image_toolkit.TestPdfLocalEndpoints" name="test_pdf_extract_text_returns_content" time="0.066" /><testcase classname="tests.test_pdf_image_toolkit.TestPdfLocalEndpoints" name="test_pdf_extract_text_does_not_consume_quota" time="0.251" /><testcase classname="tests.test_pdf_image_toolkit.TestImageEndpoints" name="test_image_ocr" time="1.651" /><testcase classname="tests.test_pdf_image_toolkit.TestImageEndpoints" name="test_image_describe" time="2.942" /><testcase classname="tests.test_pdf_image_toolkit.TestPdfAiEndpoints" name="test_pdf_summarize_consumes_quota" time="4.110" /><testcase classname="tests.test_pdf_image_toolkit.TestImageEndpoints" name="test_image_ocr_rejects_empty" time="0.064" /><testcase classname="tests.test_pdf_image_toolkit.TestImageEndpoints" name="test_image_ocr_consumes_quota" time="1.700" /><testcase classname="tests.test_pdf_image_toolkit.TestPdfAiEndpoints" name="test_pdf_keypoints" time="7.058" /><testcase classname="tests.test_pdf_image_toolkit.TestPdfAiEndpoints" name="test_pdf_ask_returns_answer" time="1.132" /><testcase classname="tests.test_pdf_image_toolkit.TestPdfAiEndpoints" name="test_pdf_ask_rejects_empty_question" time="0.057" /><testcase classname="tests.test_pdf_image_toolkit.TestPdfAiEndpoints" name="test_pdf_translate" time="3.050" /></testsuite></testsuites>