<?xml version="1.0" encoding="utf-8"?><testsuites name="pytest tests"><testsuite name="pytest" errors="0" failures="0" skipped="0" tests="19" time="2.963" timestamp="2026-08-02T09:03:23.070172+00:00" hostname="agent-env-3c0dacac-6db8-44f9-a6fe-dd3ec7299a00"><testcase classname="tests.test_dailyhub_v2_backend.TestExpenses" name="test_expenses_require_auth" time="0.337" /><testcase classname="tests.test_dailyhub_v2_backend.TestRegressionSmoke" name="test_root" time="0.257" /><testcase classname="tests.test_dailyhub_v2_backend.TestRegressionSmoke" name="test_notes_still_work" time="0.205" /><testcase classname="tests.test_dailyhub_v2_backend.TestExpenses" name="test_expenses_crud_and_month_totals" time="0.710" /><testcase classname="tests.test_dailyhub_v2_backend.TestRegressionSmoke" name="test_todos_still_work" time="0.089" /><testcase classname="tests.test_dailyhub_v2_backend.TestVoiceNotes" name="test_voice_notes_require_auth" time="0.164" /><testcase classname="tests.test_dailyhub_v2_backend.TestVoiceNotes" name="test_voice_notes_crud_payload_exclusion" time="0.358" /><testcase classname="tests.test_dailyhub_v2_backend.TestVoiceNotes" name="test_voice_notes_isolation" time="0.210" /><testcase classname="tests.test_dailyhub_v2_backend.TestExpenses" name="test_expenses_isolation" time="0.289" /><testcase classname="tests.test_dailyhub_v2_backend.TestCurrency" name="test_currency_requires_auth" time="0.082" /><testcase classname="tests.test_dailyhub_v2_backend.TestPremium" name="test_premium_requires_auth" time="0.189" /><testcase classname="tests.test_dailyhub_v2_backend.TestCurrency" name="test_currency_default_usd" time="0.162" /><testcase classname="tests.test_dailyhub_v2_backend.TestPremium" name="test_premium_full_flow_and_upsert" time="0.465" /><testcase classname="tests.test_dailyhub_v2_backend.TestCurrency" name="test_currency_base_switching" time="0.106" /><testcase classname="tests.test_dailyhub_v2_backend.TestQRScans" name="test_qr_requires_auth" time="0.124" /><testcase classname="tests.test_dailyhub_v2_backend.TestQRScans" name="test_qr_crud_order_and_isolation" time="0.451" /><testcase classname="tests.test_dailyhub_v2_backend.TestPremium" name="test_premium_isolation" time="0.203" /><testcase classname="tests.test_dailyhub_v2_backend.TestReminders" name="test_reminders_require_auth" time="0.120" /><testcase classname="tests.test_dailyhub_v2_backend.TestReminders" name="test_reminders_crud_and_toggle" time="0.296" /></testsuite></testsuites>