<?xml version="1.0" encoding="utf-8"?><testsuites name="pytest tests"><testsuite name="pytest" errors="0" failures="0" skipped="0" tests="24" time="26.302" timestamp="2026-08-02T08:27:25.723841+00:00" hostname="agent-env-3c0dacac-6db8-44f9-a6fe-dd3ec7299a00"><testcase classname="tests.test_dailyhub_backend.TestAI" name="test_ai_chat_and_history" time="8.026" /><testcase classname="tests.test_dailyhub_backend.TestAuth" name="test_guest_login_creates_user_and_token" time="0.244" /><testcase classname="tests.test_dailyhub_backend.TestAuth" name="test_me_with_token" time="1.315" /><testcase classname="tests.test_dailyhub_backend.TestAuth" name="test_me_without_token_returns_401" time="0.042" /><testcase classname="tests.test_dailyhub_backend.TestAuth" name="test_me_with_invalid_token_returns_401" time="0.041" /><testcase classname="tests.test_dailyhub_backend.TestAuth" name="test_session_exchange_invalid_session_id" time="0.112" /><testcase classname="tests.test_dailyhub_backend.TestAuth" name="test_logout_invalidates_token" time="0.289" /><testcase classname="tests.test_dailyhub_backend.TestHealth" name="test_root" time="0.064" /><testcase classname="tests.test_dailyhub_backend.TestNotes" name="test_notes_crud_and_isolation" time="0.342" /><testcase classname="tests.test_dailyhub_backend.TestTodos" name="test_todos_crud" time="0.215" /><testcase classname="tests.test_dailyhub_backend.TestHabits" name="test_habits_flow" time="0.410" /><testcase classname="tests.test_dailyhub_backend.TestFocus" name="test_focus_create_and_aggregate" time="0.126" /><testcase classname="tests.test_dailyhub_backend.TestSessionStructure" name="test_session_document_has_expires_at" time="0.104" /><testcase classname="tests.test_dailyhub_backend.TestAI" name="test_ai_chat_requires_auth" time="0.041" /><testcase classname="tests.test_dailyhub_backend.TestAI" name="test_ai_translate" time="1.328" /><testcase classname="tests.test_dailyhub_backend.TestAI" name="test_ai_translate_requires_auth" time="0.043" /><testcase classname="tests.test_dailyhub_backend.TestAI" name="test_ai_grammar" time="1.557" /><testcase classname="tests.test_dailyhub_backend.TestAI" name="test_ai_grammar_requires_auth" time="0.043" /><testcase classname="tests.test_dailyhub_backend.TestAI" name="test_ai_summarize" time="8.028" /><testcase classname="tests.test_dailyhub_backend.TestAI" name="test_ai_summarize_requires_auth" time="0.043" /><testcase classname="tests.test_dailyhub_backend.TestAI" name="test_ai_email" time="2.050" /><testcase classname="tests.test_dailyhub_backend.TestAI" name="test_ai_email_requires_auth" time="0.043" /><testcase classname="tests.test_dailyhub_backend.TestAI" name="test_ai_study" time="4.698" /><testcase classname="tests.test_dailyhub_backend.TestAI" name="test_ai_study_requires_auth" time="0.045" /></testsuite></testsuites>