<?xml version="1.0" encoding="utf-8"?><testsuites name="pytest tests"><testsuite name="pytest" errors="0" failures="0" skipped="0" tests="6" time="60.582" timestamp="2026-08-05T12:26:44.378648+00:00" hostname="agent-env-3c0dacac-6db8-44f9-a6fe-dd3ec7299a00"><testcase classname="tests.test_ai_quota.TestChatQuotaAndRateLimit" name="test_chat_increments_and_rate_limits_at_6" time="12.992" /><testcase classname="tests.test_ai_quota.TestQuotaInitial" name="test_initial_quota_new_user" time="0.304" /><testcase classname="tests.test_ai_quota.TestRewardGrantsBonus" name="test_reward_after_exhaustion_reenables_chat" time="37.223" /><testcase classname="tests.test_ai_quota.TestRewardMaxCap" name="test_reward_cap_at_15" time="0.767" /><testcase classname="tests.test_ai_quota.TestTranslateQuota" name="test_translate_consumes_and_rate_limits" time="18.928" /><testcase classname="tests.test_ai_quota.TestSummarizeQuota" name="test_summarize_consumes_and_rate_limits" time="22.735" /></testsuite></testsuites>